
> frontend@0.0.0 dev
> vite

Port 5173 is in use, trying another one...

  VITE v8.0.16  ready in 351 ms

  ➜  Local:   http://localhost:5174/
  ➜  Network: use --host to expose
  ➜  press h + enter to show help

> frontend@0.0.0 dev
> vite


  VITE v8.0.16  ready in 253 ms

  ➜  Local:   http://localhost:5173/
  ➜  Network: use --host to expose
  ➜  press h + enter to show help

> frontend@0.0.0 dev
> vite

Port 5173 is in use, trying another one...
Port 5174 is in use, trying another one...

  VITE v8.0.16  ready in 166 ms

  ➜  Local:   http://localhost:5175/
  ➜  Network: use --host to expose
  ➜  press h + enter to show help
